{'loading_script_path': '/gaueko1/users/murruela002/APP1/NLIsrc/dataset_loader/dataset_loader.py', 'do_train': True, 'do_eval': True, 'do_predict': False, 'train_file': '/gaueko1/users/murruela002/APP1/NLIsrc/Datasets/train_sueltas.json', 'dev_file': '/gaueko1/users/murruela002/APP1/NLIsrc/Datasets/dev.json', 'test_file': '/gaueko1/users/murruela002/APP1/NLIsrc/Datasets/test.json', 'model_path': 'MoritzLaurer/mDeBERTa-v3-base-xnli-multilingual-nli-2mil7', 'overwrite_cache': False, 'overwrite_output_dir': False, 'pad_to_max_length': False, 'config_name': None, 'tokenizer_name': None, 'dataset_cache_dir': None, 'cache_dir': None, 'preprocessing_num_workers': None, 'output_dir': '/gaueko1/users/murruela002/APP1/NLIsrc/output/0', 'num_train_epochs': 1, 'per_device_train_batch_size': 8, 'per_device_eval_batch_size': 8, 'gradient_accumulation_steps': 8, 'learning_rate': 5e-05, 'seed': 3000, 'weight_decay': 0.01, 'warmup_ratio': 0.05, 'evaluation_strategy': 'epoch', 'save_strategy': 'epoch', 'load_best_model_at_end': True, 'metric_for_best_model': 'f1_ent', 'return_entity_level_metrics': True, 'task_name': 'nli', 'report_to': 'wandb', 'run_name': 'Dataset verbalizaciones V4.2 0 _sueltas', 'metric_script_path': 'metrics.py'}
train
eval
test
datasets
tokenizer
tokenize
overwrite cache: False
collator
!!!!!!!!!!!!!!!!!!!!!!!!!!!!!!!!!!!!!!!!!!!!!!!!!!!!!!!!!!!
!!!!!!!!!!!!!!!!!!!! TRAINING ARGUMENTS !!!!!!!!!!!!!!!!!!!
!!!!!!!!!!!!!!!!!!!!!!!!!!!!!!!!!!!!!!!!!!!!!!!!!!!!!!!!!!!
TrainingArguments(
_n_gpu=1,
accelerator_config={'split_batches': False, 'dispatch_batches': None, 'even_batches': True, 'use_seedable_sampler': True, 'non_blocking': False, 'gradient_accumulation_kwargs': None, 'use_configured_state': False},
adafactor=False,
adam_beta1=0.9,
adam_beta2=0.999,
adam_epsilon=1e-08,
auto_find_batch_size=False,
average_tokens_across_devices=False,
batch_eval_metrics=False,
bf16=False,
bf16_full_eval=False,
data_seed=None,
dataloader_drop_last=False,
dataloader_num_workers=0,
dataloader_persistent_workers=False,
dataloader_pin_memory=True,
dataloader_prefetch_factor=None,
ddp_backend=None,
ddp_broadcast_buffers=None,
ddp_bucket_cap_mb=None,
ddp_find_unused_parameters=None,
ddp_timeout=1800,
debug=[],
deepspeed=None,
disable_tqdm=False,
dispatch_batches=None,
do_eval=True,
do_predict=False,
do_train=False,
eval_accumulation_steps=None,
eval_delay=0,
eval_do_concat_batches=True,
eval_on_start=False,
eval_steps=None,
eval_strategy=IntervalStrategy.EPOCH,
eval_use_gather_object=False,
evaluation_strategy=epoch,
fp16=False,
fp16_backend=auto,
fp16_full_eval=False,
fp16_opt_level=O1,
fsdp=[],
fsdp_config={'min_num_params': 0, 'xla': False, 'xla_fsdp_v2': False, 'xla_fsdp_grad_ckpt': False},
fsdp_min_num_params=0,
fsdp_transformer_layer_cls_to_wrap=None,
full_determinism=False,
gradient_accumulation_steps=8,
gradient_checkpointing=False,
gradient_checkpointing_kwargs=None,
greater_is_better=True,
group_by_length=False,
half_precision_backend=auto,
hub_always_push=False,
hub_model_id=None,
hub_private_repo=None,
hub_strategy=HubStrategy.EVERY_SAVE,
hub_token=<HUB_TOKEN>,
ignore_data_skip=False,
include_for_metrics=[],
include_inputs_for_metrics=False,
include_num_input_tokens_seen=False,
include_tokens_per_second=False,
jit_mode_eval=False,
label_names=None,
label_smoothing_factor=0.0,
learning_rate=5e-05,
length_column_name=length,
load_best_model_at_end=True,
local_rank=0,
log_level=passive,
log_level_replica=warning,
log_on_each_node=True,
logging_dir=/gaueko1/users/murruela002/APP1/NLIsrc/output/0/runs/Feb23_12-16-46_trumoi,
logging_first_step=False,
logging_nan_inf_filter=True,
logging_steps=500,
logging_strategy=IntervalStrategy.STEPS,
lr_scheduler_kwargs={},
lr_scheduler_type=SchedulerType.LINEAR,
max_grad_norm=1.0,
max_steps=-1,
metric_for_best_model=f1_ent,
mp_parameters=,
neftune_noise_alpha=None,
no_cuda=False,
num_train_epochs=1,
optim=OptimizerNames.ADAMW_TORCH,
optim_args=None,
optim_target_modules=None,
output_dir=/gaueko1/users/murruela002/APP1/NLIsrc/output/0,
overwrite_output_dir=False,
past_index=-1,
per_device_eval_batch_size=8,
per_device_train_batch_size=8,
prediction_loss_only=False,
push_to_hub=False,
push_to_hub_model_id=None,
push_to_hub_organization=None,
push_to_hub_token=<PUSH_TO_HUB_TOKEN>,
ray_scope=last,
remove_unused_columns=True,
report_to=['wandb'],
restore_callback_states_from_checkpoint=False,
resume_from_checkpoint=None,
run_name=Dataset verbalizaciones V4.2 0 _sueltas,
save_on_each_node=False,
save_only_model=False,
save_safetensors=True,
save_steps=500,
save_strategy=SaveStrategy.EPOCH,
save_total_limit=2,
seed=3000,
skip_memory_metrics=True,
split_batches=None,
tf32=None,
torch_compile=False,
torch_compile_backend=None,
torch_compile_mode=None,
torch_empty_cache_steps=None,
torchdynamo=None,
tpu_metrics_debug=False,
tpu_num_cores=None,
use_cpu=False,
use_ipex=False,
use_legacy_prediction_loop=False,
use_liger_kernel=False,
use_mps_device=False,
warmup_ratio=0.05,
warmup_steps=0,
weight_decay=0.01,
)
!!!!!!!!!!!!!!!!!!!!!!!!!!!!!!!!!!!!!!!!!!!!!!!!!!!!!!!!!!!
{'eval_loss': 1.8394250869750977, 'eval_accuracy': 0.5045004500450045, 'eval_f1_micro': 0.5045004500450045, 'eval_f1_macro': 0.3433191622299508, 'eval_f1_weighted': 0.6111692311714482, 'eval_f1_ent': 0.1836644591611479, 'eval_f1_neu': 0.6466099847394812, 'eval_f1_con': 0.19968304278922344, 'eval_precision_micro': 0.5045004500450045, 'eval_precision_macro': 0.39970260032889565, 'eval_precision_weighted': 0.9120808167721508, 'eval_precision_ent': 0.1041562343515273, 'eval_precision_neu': 0.9798480343574496, 'eval_precision_con': 0.11510353227771011, 'eval_recall_micro': 0.5045004500450045, 'eval_recall_macro': 0.6705397483883592, 'eval_recall_weighted': 0.5045004500450045, 'eval_recall_ent': 0.7761194029850746, 'eval_recall_neu': 0.482511794371238, 'eval_recall_con': 0.7529880478087649, 'eval_confusion_matrix': [[208, 34, 26], [1754, 2966, 1427], [35, 27, 189]], 'eval_runtime': 72.3718, 'eval_samples_per_second': 92.108, 'eval_steps_per_second': 11.524, 'epoch': 0.99}
{'train_runtime': 325.4002, 'train_samples_per_second': 16.875, 'train_steps_per_second': 0.261, 'train_loss': 0.6158195046817555, 'epoch': 0.99}
!!!!!!!!!!!!!!!!!!!!!!!!!!!!!!!!!!EVALUATE!!!!!!!!!!!!!!!!!!!!!!!!!!!!!!!!!!
[1;34mwandb[0m: 
[1;34mwandb[0m: 🚀 View run [33mDataset verbalizaciones V4.2 0 _sueltas[0m at: [34mhttps://wandb.ai/murruela002/huggingface/runs/wi3hqj2w[0m
[1;34mwandb[0m: Find logs at: [1;35mwandb/run-20250223_121647-wi3hqj2w/logs[0m
